[     183ms] [WARNING] ElementPlusError: [ElForm] unexpected width 54
    at debugWarn (http://localhost:5173/node_modules/.vite/deps/chunk-6BAYFYBA.js?v=e1824b6f:9078:37)
    at getLabelWidthIndex (http://localhost:5173/node_modules/.vite/deps/chunk-6BAYFYBA.js?v=e1824b6f:14339:55)
    at Proxy.deregisterLabelWidth (http://localhost:5173/node_modules/.vite/deps/chunk-6BAYFYBA.js?v=e1824b6f:14349:19)
    at http://localhost:5173/node_modules/.vite/deps/chunk-6BAYFYBA.js?v=e1824b6f:14546:54 @ http://localhost:5173/node_modules/.vite/deps/chunk-6BAYFYBA.js?v=e1824b6f:9078
[     183ms] [WARNING] ElementPlusError: [ElForm] unexpected width 54
    at debugWarn (http://localhost:5173/node_modules/.vite/deps/chunk-6BAYFYBA.js?v=e1824b6f:9078:37)
    at getLabelWidthIndex (http://localhost:5173/node_modules/.vite/deps/chunk-6BAYFYBA.js?v=e1824b6f:14339:55)
    at Proxy.deregisterLabelWidth (http://localhost:5173/node_modules/.vite/deps/chunk-6BAYFYBA.js?v=e1824b6f:14349:19)
    at http://localhost:5173/node_modules/.vite/deps/chunk-6BAYFYBA.js?v=e1824b6f:14546:54 @ http://localhost:5173/node_modules/.vite/deps/chunk-6BAYFYBA.js?v=e1824b6f:9078
[     183ms] [WARNING] ElementPlusError: [ElForm] unexpected width 54
    at debugWarn (http://localhost:5173/node_modules/.vite/deps/chunk-6BAYFYBA.js?v=e1824b6f:9078:37)
    at getLabelWidthIndex (http://localhost:5173/node_modules/.vite/deps/chunk-6BAYFYBA.js?v=e1824b6f:14339:55)
    at Proxy.deregisterLabelWidth (http://localhost:5173/node_modules/.vite/deps/chunk-6BAYFYBA.js?v=e1824b6f:14349:19)
    at http://localhost:5173/node_modules/.vite/deps/chunk-6BAYFYBA.js?v=e1824b6f:14546:54 @ http://localhost:5173/node_modules/.vite/deps/chunk-6BAYFYBA.js?v=e1824b6f:9078
[     183ms] [WARNING] ElementPlusError: [ElForm] unexpected width 82
    at debugWarn (http://localhost:5173/node_modules/.vite/deps/chunk-6BAYFYBA.js?v=e1824b6f:9078:37)
    at getLabelWidthIndex (http://localhost:5173/node_modules/.vite/deps/chunk-6BAYFYBA.js?v=e1824b6f:14339:55)
    at Proxy.deregisterLabelWidth (http://localhost:5173/node_modules/.vite/deps/chunk-6BAYFYBA.js?v=e1824b6f:14349:19)
    at http://localhost:5173/node_modules/.vite/deps/chunk-6BAYFYBA.js?v=e1824b6f:14546:54 @ http://localhost:5173/node_modules/.vite/deps/chunk-6BAYFYBA.js?v=e1824b6f:9078
[     183ms] [WARNING] ElementPlusError: [ElForm] unexpected width 40
    at debugWarn (http://localhost:5173/node_modules/.vite/deps/chunk-6BAYFYBA.js?v=e1824b6f:9078:37)
    at getLabelWidthIndex (http://localhost:5173/node_modules/.vite/deps/chunk-6BAYFYBA.js?v=e1824b6f:14339:55)
    at Proxy.deregisterLabelWidth (http://localhost:5173/node_modules/.vite/deps/chunk-6BAYFYBA.js?v=e1824b6f:14349:19)
    at http://localhost:5173/node_modules/.vite/deps/chunk-6BAYFYBA.js?v=e1824b6f:14546:54 @ http://localhost:5173/node_modules/.vite/deps/chunk-6BAYFYBA.js?v=e1824b6f:9078
